0 info it worked if it ends with ok
1 verbose cli [ '/Users/cadorn/.nvm/v0.10.35/bin/node',
1 verbose cli   '/Users/cadorn/.nvm/v0.10.35/bin/npm',
1 verbose cli   'run-script',
1 verbose cli   'build' ]
2 info using npm@1.4.28
3 info using node@v0.10.35
4 verbose run-script [ 'prebuild', 'build', 'postbuild' ]
5 info prebuild @
6 info build @
7 verbose unsafe-perm in lifecycle true
8 info @ Failed to exec build script
9 error @ build: `rm -Rf bundles; node build ; ./node_modules/.bin/pinf bundle`
9 error Exit status 1
10 error Failed at the @ build script.
10 error This is most likely a problem with the  package,
10 error not with npm itself.
10 error Tell the author that this fails on your system:
10 error     rm -Rf bundles; node build ; ./node_modules/.bin/pinf bundle
10 error You can get their info via:
10 error     npm owner ls
10 error There is likely additional logging output above.
11 error System Darwin 13.1.0
12 error command "/Users/cadorn/.nvm/v0.10.35/bin/node" "/Users/cadorn/.nvm/v0.10.35/bin/npm" "run-script" "build"
13 error cwd /playground/2014-12-26-promise-actor/HMS-Hood
14 error node -v v0.10.35
15 error npm -v 1.4.28
16 error code ELIFECYCLE
17 verbose exit [ 1, true ]
